[0m12:19:16.241986 [debug] [MainThread]: Sending event: {'category': 'dbt', 'action': 'invocation', 'label': 'start', 'context': [<snowplow_tracker.self_describing_json.SelfDescribingJson object at 0x000002238D7423C0>, <snowplow_tracker.self_describing_json.SelfDescribingJson object at 0x000002238A55ED50>, <snowplow_tracker.self_describing_json.SelfDescribingJson object at 0x000002238EB1BC50>]}


============================== 12:19:16.256718 | ee4354ed-357a-4e65-9153-915030dcb5a9 ==============================
[0m12:19:16.256718 [info ] [MainThread]: Running with dbt=1.11.11
[0m12:19:16.258458 [debug] [MainThread]: running dbt with arguments {'version_check': 'True', 'no_print': 'None', 'static_parser': 'True', 'target_path': 'None', 'warn_error_options': 'WarnErrorOptionsV2(error=[], warn=[], silence=[])', 'printer_width': '80', 'write_json': 'True', 'empty': 'None', 'log_cache_events': 'False', 'introspect': 'True', 'cache_selected_only': 'False', 'log_format': 'default', 'debug': 'False', 'fail_fast': 'False', 'partial_parse': 'True', 'send_anonymous_usage_stats': 'True', 'quiet': 'False', 'warn_error': 'None', 'profiles_dir': 'C:\\Users\\rossk\\.dbt', 'invocation_command': 'dbt init dbt', 'indirect_selection': 'eager', 'use_colors': 'True', 'use_experimental_parser': 'False', 'log_path': 'logs'}
[0m12:19:16.340324 [info ] [MainThread]: Creating dbt configuration folder at C:\Users\rossk\.dbt
[0m12:19:49.839954 [debug] [MainThread]: Starter project path: C:\Users\rossk\Documents\Data Engineering Project\data-engineering-project\venv\Lib\site-packages\dbt\include\starter_project
[0m12:19:49.943075 [info ] [MainThread]: 
Your new dbt project "transform" was created!

For more information on how to configure the profiles.yml file,
please consult the dbt documentation here:

  https://docs.getdbt.com/docs/configure-your-profile

One more thing:

Need help? Don't hesitate to reach out to us via GitHub issues or on Slack:

  https://community.getdbt.com/

Happy modeling!

[0m12:19:49.944374 [info ] [MainThread]: Setting up your profile.
[0m12:22:27.967758 [info ] [MainThread]: Profile transform written to C:\Users\rossk\.dbt\profiles.yml using target's profile_template.yml and your supplied values. Run 'dbt debug' to validate the connection.
[0m12:22:27.969161 [debug] [MainThread]: Command `dbt init` succeeded at 12:22:27.968955 after 192.23 seconds
[0m12:22:27.969674 [debug] [MainThread]: Sending event: {'category': 'dbt', 'action': 'invocation', 'label': 'end', 'context': [<snowplow_tracker.self_describing_json.SelfDescribingJson object at 0x000002238FE91A70>, <snowplow_tracker.self_describing_json.SelfDescribingJson object at 0x000002238FB82450>, <snowplow_tracker.self_describing_json.SelfDescribingJson object at 0x000002238FEA1040>]}
[0m12:22:27.970214 [debug] [MainThread]: Flushing usage events
[0m12:22:28.821117 [debug] [MainThread]: An error was encountered while trying to flush usage events
[0m12:22:50.166025 [debug] [MainThread]: Sending event: {'category': 'dbt', 'action': 'invocation', 'label': 'start', 'context': [<snowplow_tracker.self_describing_json.SelfDescribingJson object at 0x000002C0D5D323C0>, <snowplow_tracker.self_describing_json.SelfDescribingJson object at 0x000002C0D2A7ED50>, <snowplow_tracker.self_describing_json.SelfDescribingJson object at 0x000002C0D712BC50>]}


============================== 12:22:50.171744 | afcdb29a-7016-4fe6-8a26-281ecc2c05ce ==============================
[0m12:22:50.171744 [info ] [MainThread]: Running with dbt=1.11.11
[0m12:22:50.172530 [debug] [MainThread]: running dbt with arguments {'static_parser': 'True', 'no_print': 'None', 'version_check': 'True', 'target_path': 'None', 'warn_error_options': 'WarnErrorOptionsV2(error=[], warn=[], silence=[])', 'printer_width': '80', 'write_json': 'True', 'introspect': 'True', 'log_cache_events': 'False', 'empty': 'None', 'cache_selected_only': 'False', 'fail_fast': 'False', 'debug': 'False', 'log_format': 'default', 'profiles_dir': 'C:\\Users\\rossk\\.dbt', 'send_anonymous_usage_stats': 'True', 'quiet': 'False', 'warn_error': 'None', 'partial_parse': 'True', 'use_colors': 'True', 'invocation_command': 'dbt debug', 'indirect_selection': 'eager', 'use_experimental_parser': 'False', 'log_path': 'logs'}
[0m12:22:50.200691 [info ] [MainThread]: dbt version: 1.11.11
[0m12:22:50.201404 [info ] [MainThread]: python version: 3.13.3
[0m12:22:50.201956 [info ] [MainThread]: python path: C:\Users\rossk\Documents\Data Engineering Project\data-engineering-project\venv\Scripts\python.exe
[0m12:22:50.202538 [info ] [MainThread]: os info: Windows-11-10.0.26200-SP0
[0m12:22:50.334230 [info ] [MainThread]: Using profiles dir at C:\Users\rossk\.dbt
[0m12:22:50.335158 [info ] [MainThread]: Using profiles.yml file at C:\Users\rossk\.dbt\profiles.yml
[0m12:22:50.335721 [info ] [MainThread]: Using dbt_project.yml file at C:\Users\rossk\Documents\Data Engineering Project\data-engineering-project\dbt_project.yml
[0m12:22:50.336344 [info ] [MainThread]: Configuration:
[0m12:22:50.336885 [info ] [MainThread]:   profiles.yml file [[31mERROR invalid[0m]
[0m12:22:50.337450 [info ] [MainThread]:   dbt_project.yml file [[31mERROR not found[0m]
[0m12:22:50.338088 [info ] [MainThread]: Required dependencies:
[0m12:22:50.338909 [debug] [MainThread]: Executing "git --help"
[0m12:22:50.387579 [debug] [MainThread]: STDOUT: "b"usage: git [-v | --version] [-h | --help] [-C <path>] [-c <name>=<value>]\n           [--exec-path[=<path>]] [--html-path] [--man-path] [--info-path]\n           [-p | --paginate | -P | --no-pager] [--no-replace-objects] [--no-lazy-fetch]\n           [--no-optional-locks] [--no-advice] [--bare] [--git-dir=<path>]\n           [--work-tree=<path>] [--namespace=<name>] [--config-env=<name>=<envvar>]\n           <command> [<args>]\n\nThese are common Git commands used in various situations:\n\nstart a working area (see also: git help tutorial)\n   clone      Clone a repository into a new directory\n   init       Create an empty Git repository or reinitialize an existing one\n\nwork on the current change (see also: git help everyday)\n   add        Add file contents to the index\n   mv         Move or rename a file, a directory, or a symlink\n   restore    Restore working tree files\n   rm         Remove files from the working tree and from the index\n\nexamine the history and state (see also: git help revisions)\n   bisect     Use binary search to find the commit that introduced a bug\n   diff       Show changes between commits, commit and working tree, etc\n   grep       Print lines matching a pattern\n   log        Show commit logs\n   show       Show various types of objects\n   status     Show the working tree status\n\ngrow, mark and tweak your common history\n   backfill   Download missing objects in a partial clone\n   branch     List, create, or delete branches\n   commit     Record changes to the repository\n   merge      Join two or more development histories together\n   rebase     Reapply commits on top of another base tip\n   reset      Reset current HEAD to the specified state\n   switch     Switch branches\n   tag        Create, list, delete or verify a tag object signed with GPG\n\ncollaborate (see also: git help workflows)\n   fetch      Download objects and refs from another repository\n   pull       Fetch from and integrate with another repository or a local branch\n   push       Update remote refs along with associated objects\n\n'git help -a' and 'git help -g' list available subcommands and some\nconcept guides. See 'git help <command>' or 'git help <concept>'\nto read about a specific subcommand or concept.\nSee 'git help git' for an overview of the system.\n""
[0m12:22:50.388210 [debug] [MainThread]: STDERR: "b''"
[0m12:22:50.388724 [info ] [MainThread]:  - git [[32mOK found[0m]

[0m12:22:50.389360 [info ] [MainThread]: Connection test skipped since no profile was found
[0m12:22:50.389932 [info ] [MainThread]: [31m2 checks failed:[0m
[0m12:22:50.390393 [info ] [MainThread]: Could not load dbt_project.yml
Profile loading failed for the following reason:
Runtime Error
  Credentials in profile "transform", target "dev" invalid: 'schema' is a required property


[0m12:22:50.390850 [info ] [MainThread]: Project loading failed for the following reason:
 project path <C:\Users\rossk\Documents\Data Engineering Project\data-engineering-project\dbt_project.yml> not found

[0m12:22:50.391885 [debug] [MainThread]: Command `dbt debug` failed at 12:22:50.391724 after 0.49 seconds
[0m12:22:50.392332 [debug] [MainThread]: Sending event: {'category': 'dbt', 'action': 'invocation', 'label': 'end', 'context': [<snowplow_tracker.self_describing_json.SelfDescribingJson object at 0x000002C0D8207100>, <snowplow_tracker.self_describing_json.SelfDescribingJson object at 0x000002C0D86D8830>, <snowplow_tracker.self_describing_json.SelfDescribingJson object at 0x000002C0D8529150>]}
[0m12:22:50.392786 [debug] [MainThread]: Flushing usage events
[0m12:22:51.160857 [debug] [MainThread]: An error was encountered while trying to flush usage events
[0m18:27:33.958219 [debug] [MainThread]: Sending event: {'category': 'dbt', 'action': 'invocation', 'label': 'start', 'context': [<snowplow_tracker.self_describing_json.SelfDescribingJson object at 0x0000020770DA23C0>, <snowplow_tracker.self_describing_json.SelfDescribingJson object at 0x000002076DADED50>, <snowplow_tracker.self_describing_json.SelfDescribingJson object at 0x00000207721E7B10>]}


============================== 18:27:33.963113 | 7dad9044-55e6-4395-bd67-75163815592f ==============================
[0m18:27:33.963113 [info ] [MainThread]: Running with dbt=1.11.11
[0m18:27:33.963808 [debug] [MainThread]: running dbt with arguments {'version_check': 'True', 'no_print': 'None', 'static_parser': 'True', 'target_path': 'None', 'warn_error_options': 'WarnErrorOptionsV2(error=[], warn=[], silence=[])', 'printer_width': '80', 'write_json': 'True', 'introspect': 'True', 'log_cache_events': 'False', 'empty': 'None', 'cache_selected_only': 'False', 'log_format': 'default', 'debug': 'False', 'fail_fast': 'False', 'partial_parse': 'True', 'send_anonymous_usage_stats': 'True', 'quiet': 'False', 'warn_error': 'None', 'profiles_dir': 'C:\\Users\\rossk\\.dbt', 'use_colors': 'True', 'indirect_selection': 'eager', 'invocation_command': 'dbt seed', 'use_experimental_parser': 'False', 'log_path': 'logs'}
[0m18:27:33.964280 [error] [MainThread]: Encountered an error:
Runtime Error
  No dbt_project.yml found at expected path C:\Users\rossk\Documents\Data Engineering Project\data-engineering-project\dbt_project.yml
  Verify that each entry within packages.yml (and their transitive dependencies) contains a file named dbt_project.yml
  
[0m18:27:33.965099 [debug] [MainThread]: Command `dbt seed` failed at 18:27:33.964977 after 0.18 seconds
[0m18:27:33.965421 [debug] [MainThread]: Sending event: {'category': 'dbt', 'action': 'invocation', 'label': 'end', 'context': [<snowplow_tracker.self_describing_json.SelfDescribingJson object at 0x00000207731CAB10>, <snowplow_tracker.self_describing_json.SelfDescribingJson object at 0x00000207721E1D90>, <snowplow_tracker.self_describing_json.SelfDescribingJson object at 0x00000207721BE360>]}
[0m18:27:33.965739 [debug] [MainThread]: Flushing usage events
[0m18:27:34.663331 [debug] [MainThread]: An error was encountered while trying to flush usage events
